<?xml version="1.0" encoding="UTF-8"?>
<!-- Generated by org.testng.reporters.JUnitReportReporter -->
<testsuite skipped="0" hostname="DTDVD1700735PR" name="practice.TestClass" tests="1" failures="0" timestamp="09 Jan 2020 04:19:28 GMT" time="0.018" errors="0">
  <testcase name="method" time="0.018" classname="practice.TestClass"/>
</testsuite> <!-- practice.TestClass -->
