<?xml version="1.0" encoding="UTF-8"?>
<!-- Generated by org.testng.reporters.JUnitReportReporter -->
<testsuite skipped="0" hostname="DTDVD1700735PR" name="practice.ExtentReportsPract" tests="3" failures="0" timestamp="09 Jan 2020 05:06:49 GMT" time="0.001" errors="0">
  <testcase name="testMethod" time="0.000" classname="practice.ExtentReportsPract"/>
  <testcase name="FailedMaethod" time="0.001" classname="practice.ExtentReportsPract"/>
  <testcase name="skipmetod" time="0.000" classname="practice.ExtentReportsPract"/>
</testsuite> <!-- practice.ExtentReportsPract -->
